PS D:\Documents\repos\deepbait> uv run python scripts/run_pretrain_finetune.py --split_seed 99 --pretrain_dir checkpoints/exp2_pretrain_seed99 --finetune_dir checkpoints/exp2_finetune_seed99
Using shared vocabulary: checkpoints/shared_vocab.pt

============================================================
Stage 1: Pre-training on general news
  CSV (all labels): data/train.csv
  HuggingFace:      cnn_dailymail:3.0.0
  Epochs:           10
  LR:               0.001
  Output:           checkpoints/exp2_pretrain_seed99/
============================================================
Using device: cuda
Train/val split_seed (NumPy): 99
 (split='train')...
Warning: You are sending unauthenticated requests to the HF Hub. Please set a HF_TOKEN to enable higher rate limits and faster downloads.
Loaded 287113 (article, title) pairs from 'cnn_dailymail:3.0.0'.
After HuggingFace dataset: 306990 total (article, title) pairs.
Using preset vocabulary (size=48612).
Dataset: 276291 samples.
Dataset: 30699 samples.
Model parameters: 26,781,156

Starting training for 10 epochs...
Epoch   1/10 | Train Loss: 6.8778 (PPL 970.5) | Val Loss: 6.3625 (PPL 579.7) | Time: 209.7s
  -> New best checkpoint saved (val_loss=6.3625)
Epoch   2/10 | Train Loss: 6.2521 (PPL 519.1) | Val Loss: 5.9630 (PPL 388.8) | Time: 207.7s
  -> New best checkpoint saved (val_loss=5.9630)
Epoch   3/10 | Train Loss: 5.9511 (PPL 384.2) | Val Loss: 5.7555 (PPL 315.9) | Time: 196.4s
  -> New best checkpoint saved (val_loss=5.7555)
Epoch   4/10 | Train Loss: 5.7600 (PPL 317.3) | Val Loss: 5.6244 (PPL 277.1) | Time: 196.6s
  -> New best checkpoint saved (val_loss=5.6244)
Epoch   5/10 | Train Loss: 5.6196 (PPL 275.8) | Val Loss: 5.5249 (PPL 250.9) | Time: 210.0s
  -> New best checkpoint saved (val_loss=5.5249)
Epoch   6/10 | Train Loss: 5.5098 (PPL 247.1) | Val Loss: 5.4502 (PPL 232.8) | Time: 203.3s
  -> New best checkpoint saved (val_loss=5.4502)
Epoch   7/10 | Train Loss: 5.4195 (PPL 225.8) | Val Loss: 5.3938 (PPL 220.0) | Time: 196.6s
  -> New best checkpoint saved (val_loss=5.3938)
Epoch   8/10 | Train Loss: 5.3460 (PPL 209.8) | Val Loss: 5.3424 (PPL 209.0) | Time: 197.3s
  -> New best checkpoint saved (val_loss=5.3424)
Epoch   9/10 | Train Loss: 5.2843 (PPL 197.2) | Val Loss: 5.3033 (PPL 201.0) | Time: 196.7s
  -> New best checkpoint saved (val_loss=5.3033)
Epoch  10/10 | Train Loss: 5.2310 (PPL 187.0) | Val Loss: 5.2677 (PPL 194.0) | Time: 196.7s
  -> New best checkpoint saved (val_loss=5.2677)
Loss/perplexity curves saved to 'checkpoints/exp2_pretrain_seed99\loss_curve.png'.

Training complete. Best val loss: 5.2677 (PPL 194.0)
Best checkpoint: checkpoints/exp2_pretrain_seed99\best_model.pt

============================================================
Stage 2: Fine-tuning on clickbait data
  Weights from:     checkpoints/exp2_pretrain_seed99\best_model.pt
  CSV (clickbait):  data/train.csv
  Webis-17:         data/webis17/clickbait17-validation-170630
  LR:               0.0001  (reduced from 0.001)
  Epochs:           30  (early stop patience=8)
  Output:           checkpoints/exp2_finetune_seed99/
============================================================
Using device: cuda
Train/val split_seed (NumPy): 99
Loaded vocab from checkpoint (size=48612).
Loaded 3724 (article, title) pairs from 'data/train.csv'.
Loaded 4696 pairs from Webis-17 (skipped 14798 low-score records).
After Webis-17: 8420 total (article, title) pairs.
Using preset vocabulary (size=48612).
Dataset: 7578 samples.
Dataset: 842 samples.
Model parameters: 26,781,156
Resuming from checkpoint: 'checkpoints/exp2_pretrain_seed99\best_model.pt'

Starting training for 30 epochs...
Early stopping patience: 8 epochs
Epoch   1/30 | Train Loss: 6.0851 (PPL 439.2) | Val Loss: 5.5617 (PPL 260.3) | Time: 5.6s
  -> New best checkpoint saved (val_loss=5.5617)
Epoch   2/30 | Train Loss: 5.9963 (PPL 401.9) | Val Loss: 5.5238 (PPL 250.6) | Time: 5.4s
  -> New best checkpoint saved (val_loss=5.5238)
Epoch   3/30 | Train Loss: 5.9354 (PPL 378.2) | Val Loss: 5.4926 (PPL 242.9) | Time: 5.5s
  -> New best checkpoint saved (val_loss=5.4926)
Epoch   4/30 | Train Loss: 5.8879 (PPL 360.7) | Val Loss: 5.4675 (PPL 236.9) | Time: 5.4s
  -> New best checkpoint saved (val_loss=5.4675)
Epoch   5/30 | Train Loss: 5.8437 (PPL 345.0) | Val Loss: 5.4444 (PPL 231.5) | Time: 5.4s
  -> New best checkpoint saved (val_loss=5.4444)
Epoch   6/30 | Train Loss: 5.8052 (PPL 332.0) | Val Loss: 5.4279 (PPL 227.7) | Time: 5.4s
  -> New best checkpoint saved (val_loss=5.4279)
Epoch   7/30 | Train Loss: 5.7709 (PPL 320.8) | Val Loss: 5.4102 (PPL 223.7) | Time: 5.4s
  -> New best checkpoint saved (val_loss=5.4102)
Epoch   8/30 | Train Loss: 5.7367 (PPL 310.0) | Val Loss: 5.3939 (PPL 220.1) | Time: 5.4s
  -> New best checkpoint saved (val_loss=5.3939)
Epoch   9/30 | Train Loss: 5.7071 (PPL 301.0) | Val Loss: 5.3817 (PPL 217.4) | Time: 5.4s
  -> New best checkpoint saved (val_loss=5.3817)
Epoch  10/30 | Train Loss: 5.6783 (PPL 292.4) | Val Loss: 5.3710 (PPL 215.1) | Time: 5.4s
  -> New best checkpoint saved (val_loss=5.3710)
Epoch  11/30 | Train Loss: 5.6487 (PPL 283.9) | Val Loss: 5.3589 (PPL 212.5) | Time: 5.4s
  -> New best checkpoint saved (val_loss=5.3589)
Epoch  12/30 | Train Loss: 5.6229 (PPL 276.7) | Val Loss: 5.3495 (PPL 210.5) | Time: 5.4s
  -> New best checkpoint saved (val_loss=5.3495)
Epoch  13/30 | Train Loss: 5.5995 (PPL 270.3) | Val Loss: 5.3394 (PPL 208.4) | Time: 5.4s
  -> New best checkpoint saved (val_loss=5.3394)
Epoch  14/30 | Train Loss: 5.5781 (PPL 264.6) | Val Loss: 5.3302 (PPL 206.5) | Time: 5.4s
  -> New best checkpoint saved (val_loss=5.3302)
Epoch  15/30 | Train Loss: 5.5584 (PPL 259.4) | Val Loss: 5.3224 (PPL 204.9) | Time: 5.4s
  -> New best checkpoint saved (val_loss=5.3224)
Epoch  16/30 | Train Loss: 5.5378 (PPL 254.1) | Val Loss: 5.3144 (PPL 203.2) | Time: 5.4s
  -> New best checkpoint saved (val_loss=5.3144)
Epoch  17/30 | Train Loss: 5.5132 (PPL 247.9) | Val Loss: 5.3075 (PPL 201.9) | Time: 5.4s
  -> New best checkpoint saved (val_loss=5.3075)
Epoch  18/30 | Train Loss: 5.4942 (PPL 243.3) | Val Loss: 5.3009 (PPL 200.5) | Time: 5.4s
  -> New best checkpoint saved (val_loss=5.3009)
Epoch  19/30 | Train Loss: 5.4715 (PPL 237.8) | Val Loss: 5.2928 (PPL 198.9) | Time: 5.4s
  -> New best checkpoint saved (val_loss=5.2928)
Epoch  20/30 | Train Loss: 5.4531 (PPL 233.5) | Val Loss: 5.2899 (PPL 198.3) | Time: 5.4s
  -> New best checkpoint saved (val_loss=5.2899)
Epoch  21/30 | Train Loss: 5.4372 (PPL 229.8) | Val Loss: 5.2822 (PPL 196.8) | Time: 5.4s
  -> New best checkpoint saved (val_loss=5.2822)
Epoch  22/30 | Train Loss: 5.4191 (PPL 225.7) | Val Loss: 5.2761 (PPL 195.6) | Time: 5.4s
  -> New best checkpoint saved (val_loss=5.2761)
Epoch  23/30 | Train Loss: 5.3965 (PPL 220.6) | Val Loss: 5.2735 (PPL 195.1) | Time: 5.4s
  -> New best checkpoint saved (val_loss=5.2735)
Epoch  24/30 | Train Loss: 5.3868 (PPL 218.5) | Val Loss: 5.2678 (PPL 194.0) | Time: 5.4s
  -> New best checkpoint saved (val_loss=5.2678)
Epoch  25/30 | Train Loss: 5.3710 (PPL 215.1) | Val Loss: 5.2636 (PPL 193.2) | Time: 5.4s
  -> New best checkpoint saved (val_loss=5.2607)
Epoch  27/30 | Train Loss: 5.3349 (PPL 207.4) | Val Loss: 5.2545 (PPL 191.4) | Time: 5.4s
  -> New best checkpoint saved (val_loss=5.2545)
Epoch  28/30 | Train Loss: 5.3164 (PPL 203.7) | Val Loss: 5.2517 (PPL 190.9) | Time: 5.4s
  -> New best checkpoint saved (val_loss=5.2517)
Epoch  29/30 | Train Loss: 5.3035 (PPL 201.0) | Val Loss: 5.2437 (PPL 189.4) | Time: 5.4s
  -> New best checkpoint saved (val_loss=5.2437)
Epoch  30/30 | Train Loss: 5.2861 (PPL 197.6) | Val Loss: 5.2399 (PPL 188.7) | Time: 5.4s
  -> New best checkpoint saved (val_loss=5.2399)
Loss/perplexity curves saved to 'checkpoints/exp2_finetune_seed99\loss_curve.png'.

Training complete. Best val loss: 5.2399 (PPL 188.7)
Best checkpoint: checkpoints/exp2_finetune_seed99\best_model.pt

All done.
  Pre-train best checkpoint : checkpoints/exp2_pretrain_seed99\best_model.pt
  Fine-tune best checkpoint : checkpoints/exp2_finetune_seed99\best_model.pt